#
# A fatal error has been detected by the Java Runtime Environment:
#
#  SIGSEGV (0xb) at pc=0x00007fff6e7bde9d, pid=13243, tid=0x0000000000000307
#
# JRE version: Java(TM) SE Runtime Environment (8.0_201-b09) (build 1.8.0_201-b09)
# Java VM: Java HotSpot(TM) 64-Bit Server VM (25.201-b09 mixed mode bsd-amd64 compressed oops)
# Problematic frame:
# C  [libobjc.A.dylib+0x6e9d]  objc_msgSend+0x1d
#
# Failed to write core dump. Core dumps have been disabled. To enable core dumping, try "ulimit -c unlimited" before starting Java again
#
# If you would like to submit a bug report, please visit:
#   http://bugreport.java.com/bugreport/crash.jsp
# The crash happened outside the Java Virtual Machine in native code.
# See problematic frame for where to report the bug.
#

---------------  T H R E A D  ---------------

Current thread (0x00007fb5ec024800):  JavaThread "AppKit Thread" daemon [_thread_in_native, id=775, stack(0x00007ffee3c14000,0x00007ffee4414000)]

siginfo: si_signo: 11 (SIGSEGV), si_code: 1 (SEGV_MAPERR), si_addr: 0x0000000000000018

Registers:
RAX=0x00007fb5eae51640, RBX=0x00007fb5eae40130, RCX=0x00007fb5ec9a5070, RDX=0x00007fb5eac0eff0
RSP=0x00007ffee440ef98, RBP=0x00007ffee440efb0, RSI=0x00007fff456dde91, RDI=0x00007fb5eae39b80
R8 =0x0000000000000000, R9 =0x0000000000000000, R10=0x0000000000000000, R11=0x00007fff456dde91
R12=0x00007fb5eac0eec0, R13=0x00007fb5eae40130, R14=0x00007fb5ec9a5068, R15=0x0000000000000000
RIP=0x00007fff6e7bde9d, EFLAGS=0x0000000000010246, ERR=0x0000000000000004
  TRAPNO=0x000000000000000e

Top of Stack: (sp=0x00007ffee440ef98)
0x00007ffee440ef98:   00007fff4532e201 00007fb5eac0eff0
0x00007ffee440efa8:   0000000000000000 00007ffee440efc0
0x00007ffee440efb8:   00007fff474d275c 00007ffee440f040
0x00007ffee440efc8:   00007fff474b5133 0000000000000f03
0x00007ffee440efd8:   00007fffa15ca178 00007fb5eac0f000
0x00007ffee440efe8:   00007fb5eac0eed0 00007fb5eac0e8a0
0x00007ffee440eff8:   00007fb5eac0eff0 00007fb5eac0eec0
0x00007ffee440f008:   0000000000000000 0000000000000000
0x00007ffee440f018:   00007fb5eac0eff0 00007fb5eac0eec8
0x00007ffee440f028:   0000000000000001 0000000000000f03
0x00007ffee440f038:   00007fb5eac0eec0 00007ffee440fd30
0x00007ffee440f048:   00007fff474b4ef8 00007fff456dde91
0x00007ffee440f058:   0000000000001103 0000000000000f03
0x00007ffee440f068:   00007fb5eaf19810 00007fffa16bfb30
0x00007ffee440f078:   00007fff456e0d1d 00007fff456e8709
0x00007ffee440f088:   00007fff456dde37 0000000000000000
0x00007ffee440f098:   ffffffffffffffff 0000000000000000
0x00007ffee440f0a8:   00007fb5eaf19820 0000000100000002
0x00007ffee440f0b8:   00007fb5eac0f000 00007fb5eac0eed0
0x00007ffee440f0c8:   0000000000000000 00007ffee440f100
0x00007ffee440f0d8:   0000000100001103 0000000000000001
0x00007ffee440f0e8:   00000f0300000002 00007fb5ec9a5068
0x00007ffee440f0f8:   01007fb500000f03 0000001800001100
0x00007ffee440f108:   00000f0300000000 0000004e00000000
0x00007ffee440f118:   0000004400000000 000001f600000023
0x00007ffee440f128:   000001f600000014 00000014000001f6
0x00007ffee440f138:   00000014000001f6 000186a8000033bb
0x00007ffee440f148:   00000000000033bc 0000000000000000
0x00007ffee440f158:   0000000000000000 000000000000000d
0x00007ffee440f168:   00007fb5eaf42f60 00007ffee440f200
0x00007ffee440f178:   aff108aa33140b62 0000000000000017
0x00007ffee440f188:   00007fffa135b9e8 00007fb5eaf976d0 

Instructions: (pc=0x00007fff6e7bde9d)
0x00007fff6e7bde7d:   0f 1f 00 48 85 ff 2e 74 62 40 f6 c7 01 2e 75 66
0x00007fff6e7bde8d:   49 ba f8 ff ff ff ff 7f 00 00 4c 23 17 49 89 f3
0x00007fff6e7bde9d:   45 23 5a 18 49 c1 e3 04 4d 03 5a 10 49 3b 33 75
0x00007fff6e7bdead:   04 41 ff 63 08 49 83 3b 01 76 0d 49 83 c3 10 49 

Register to memory mapping:

RAX=0x00007fb5eae51640 is an unknown value
RBX=0x00007fb5eae40130 is an unknown value
RCX=0x00007fb5ec9a5070 is an unknown value
RDX=0x00007fb5eac0eff0 is an unknown value
RSP=0x00007ffee440ef98 is pointing into the stack for thread: 0x00007fb5ec024800
RBP=0x00007ffee440efb0 is pointing into the stack for thread: 0x00007fb5ec024800
RSI=0x00007fff456dde91: .str.41.llvm.C4DC25C8+0x3a3d4 in /System/Library/Frameworks/AppKit.framework/Versions/C/AppKit at 0x00007fff44a0d000
RDI=0x00007fb5eae39b80 is an unknown value
R8 =0x0000000000000000 is an unknown value
R9 =0x0000000000000000 is an unknown value
R10=0x0000000000000000 is an unknown value
R11=0x00007fff456dde91: .str.41.llvm.C4DC25C8+0x3a3d4 in /System/Library/Frameworks/AppKit.framework/Versions/C/AppKit at 0x00007fff44a0d000
R12=0x00007fb5eac0eec0 is an unknown value
R13=0x00007fb5eae40130 is an unknown value
R14=0x00007fb5ec9a5068 is an unknown value
R15=0x0000000000000000 is an unknown value


Stack: [0x00007ffee3c14000,0x00007ffee4414000],  sp=0x00007ffee440ef98,  free space=8171k
Native frames: (J=compiled Java code, j=interpreted, Vv=VM code, C=native code)
C  [libobjc.A.dylib+0x6e9d]  objc_msgSend+0x1d
C  [CoreFoundation+0xa375c]  __CFRUNLOOP_IS_CALLING_OUT_TO_A_BLOCK__+0xc
C  [CoreFoundation+0x86133]  __CFRunLoopDoBlocks+0x113
C  [CoreFoundation+0x85ef8]  __CFRunLoopRun+0xc38
C  [CoreFoundation+0x85033]  CFRunLoopRunSpecific+0x1e3
C  [HIToolbox+0x2fd96]  RunCurrentEventLoopInMode+0x11e
C  [HIToolbox+0x2fb06]  ReceiveNextEventCommon+0x265
C  [HIToolbox+0x2f884]  _BlockUntilNextEventMatchingListInModeWithFilter+0x40
C  [AppKit+0x41a73]  _DPSNextEvent+0x825
C  [AppKit+0x7d7e34]  -[NSApplication(NSEvent) _nextEventMatchingEventMask:untilDate:inMode:dequeue:]+0xbe4
C  [libosxapp.dylib+0x2328]  -[NSApplicationAWT nextEventMatchingMask:untilDate:inMode:dequeue:]+0x7c
C  [AppKit+0x36885]  -[NSApplication run]+0x2fc
C  [libosxapp.dylib+0x1f72]  +[NSApplicationAWT runAWTLoopWithApp:]+0x9c
C  [libawt_lwawt.dylib+0x4711f]  -[AWTStarter starter:]+0x389
C  [Foundation+0x680b5]  __NSThreadPerformPerform+0x14e
C  [CoreFoundation+0xa38f1]  __CFRUNLOOP_IS_CALLING_OUT_TO_A_SOURCE0_PERFORM_FUNCTION__+0x11
C  [CoreFoundation+0x15d30c]  __CFRunLoopDoSource0+0x6c
C  [CoreFoundation+0x86350]  __CFRunLoopDoSources0+0xd0
C  [CoreFoundation+0x857cd]  __CFRunLoopRun+0x50d
C  [CoreFoundation+0x85033]  CFRunLoopRunSpecific+0x1e3
C  [java+0x646e]  CreateExecutionEnvironment+0x367
C  [java+0x203c]  JLI_Launch+0x7a0
C  [java+0x84cb]  main+0x65
C  [java+0x1894]  start+0x34
C  0x0000000000000007


---------------  P R O C E S S  ---------------

Java Threads: ( => current thread )
  0x00007fb5f0bc3800 JavaThread "AWT-Shutdown" [_thread_blocked, id=45343, stack(0x0000700007d2a000,0x0000700007e2a000)]
  0x00007fb5ebb33800 JavaThread "Java2D Queue Flusher" daemon [_thread_blocked, id=76815, stack(0x00007000082c2000,0x00007000083c2000)]
  0x00007fb5ec17f000 JavaThread "Java2D Disposer" daemon [_thread_blocked, id=54031, stack(0x00007000081bf000,0x00007000082bf000)]
  0x00007fb5eb98e000 JavaThread "Attach Listener" daemon [_thread_blocked, id=53255, stack(0x00007000080bc000,0x00007000081bc000)]
=>0x00007fb5ec024800 JavaThread "AppKit Thread" daemon [_thread_in_native, id=775, stack(0x00007ffee3c14000,0x00007ffee4414000)]
  0x00007fb5eb92d800 JavaThread "Service Thread" daemon [_thread_blocked, id=15107, stack(0x0000700007b24000,0x0000700007c24000)]
  0x00007fb5eb92d000 JavaThread "C1 CompilerThread2" daemon [_thread_blocked, id=18179, stack(0x0000700007a21000,0x0000700007b21000)]
  0x00007fb5ec82f000 JavaThread "C2 CompilerThread1" daemon [_thread_blocked, id=14851, stack(0x000070000791e000,0x0000700007a1e000)]
  0x00007fb5ec02a800 JavaThread "C2 CompilerThread0" daemon [_thread_blocked, id=14595, stack(0x000070000781b000,0x000070000791b000)]
  0x00007fb5eb92e800 JavaThread "Monitor Ctrl-Break" daemon [_thread_in_native, id=19203, stack(0x0000700007718000,0x0000700007818000)]
  0x00007fb5eb81d000 JavaThread "Signal Dispatcher" daemon [_thread_blocked, id=14083, stack(0x0000700007615000,0x0000700007715000)]
  0x00007fb5ec82d000 JavaThread "Finalizer" daemon [_thread_blocked, id=20739, stack(0x0000700007512000,0x0000700007612000)]
  0x00007fb5ec010000 JavaThread "Reference Handler" daemon [_thread_blocked, id=11523, stack(0x000070000740f000,0x000070000750f000)]
  0x00007fb5eb801800 JavaThread "main" [_thread_in_vm, id=9987, stack(0x0000700006dfd000,0x0000700006efd000)]

Other Threads:
  0x00007fb5eb011800 VMThread [stack: 0x000070000730c000,0x000070000740c000] [id=21251]
  0x00007fb5eb03f800 WatcherThread [stack: 0x0000700007c27000,0x0000700007d27000] [id=17411]

VM state:not at safepoint (normal execution)

VM Mutex/Monitor currently owned by a thread: None

heap address: 0x0000000740000000, size: 2048 MB, Compressed Oops mode: Zero based, Oop shift amount: 3
Narrow klass base: 0x0000000000000000, Narrow klass shift: 3
Compressed class space size: 1073741824 Address: 0x00000007c0000000

Heap:
 PSYoungGen      total 221696K, used 162485K [0x0000000795580000, 0x00000007a4a80000, 0x00000007c0000000)
  eden space 207872K, 78% used [0x0000000795580000,0x000000079f40d488,0x00000007a2080000)
  from space 13824K, 0% used [0x00000007a3d00000,0x00000007a3d20000,0x00000007a4a80000)
  to   space 21504K, 0% used [0x00000007a2080000,0x00000007a2080000,0x00000007a3580000)
 ParOldGen       total 123904K, used 64553K [0x0000000740000000, 0x0000000747900000, 0x0000000795580000)
  object space 123904K, 52% used [0x0000000740000000,0x0000000743f0a538,0x0000000747900000)
 Metaspace       used 10729K, capacity 10978K, committed 11264K, reserved 1058816K
  class space    used 1126K, capacity 1220K, committed 1280K, reserved 1048576K

Card table byte_map: [0x000000010d579000,0x000000010d97a000] byte_map_base: 0x0000000109b79000

Marking Bits: (ParMarkBitMap*) 0x000000010cafbe40
 Begin Bits: [0x000000010dc25000, 0x000000010fc25000)
 End Bits:   [0x000000010fc25000, 0x0000000111c25000)

Polling page: 0x000000010b869000

CodeCache: size=245760Kb used=6056Kb max_used=6481Kb free=239703Kb
 bounds [0x0000000118335000, 0x00000001189b5000, 0x0000000127335000]
 total_blobs=1672 nmethods=1146 adapters=440
 compilation: enabled

Compilation events (10 events):
Event: 111.428 Thread 0x00007fb5ec02a800 nmethod 1261 0x000000011846d3d0 code [0x000000011846d5c0, 0x000000011846d9e8]
Event: 111.429 Thread 0x00007fb5ec02a800 1260       4       org.newdawn.slick.AppGameContainer::hasFocus (4 bytes)
Event: 111.430 Thread 0x00007fb5ec02a800 nmethod 1260 0x00000001184ed610 code [0x00000001184ed780, 0x00000001184edb08]
Event: 111.445 Thread 0x00007fb5ec82f000 nmethod 1258 0x00000001184f2310 code [0x00000001184f2780, 0x00000001184f3e88]
Event: 111.473 Thread 0x00007fb5eb92d000 1262   !   3       org.newdawn.slick.AppGameContainer::gameLoop (81 bytes)
Event: 111.474 Thread 0x00007fb5eb92d000 nmethod 1262 0x0000000118450050 code [0x0000000118450280, 0x0000000118450e88]
Event: 112.124 Thread 0x00007fb5eb92d000 1263   !   3       org.lwjgl.opengl.Display::processMessages (44 bytes)
Event: 112.126 Thread 0x00007fb5eb92d000 nmethod 1263 0x00000001185ab310 code [0x00000001185ab5a0, 0x00000001185ac5a8]
Event: 112.993 Thread 0x00007fb5eb92d000 1264       3       java.lang.ClassNotFoundException::<init> (7 bytes)
Event: 112.993 Thread 0x00007fb5eb92d000 nmethod 1264 0x000000011847e390 code [0x000000011847e500, 0x000000011847e748]

GC Heap History (10 events):
Event: 2.488 GC heap before
{Heap before GC invocations=5 (full 1):
 PSYoungGen      total 38400K, used 33376K [0x0000000795580000, 0x0000000799e80000, 0x00000007c0000000)
  eden space 33280K, 100% used [0x0000000795580000,0x0000000797600000,0x0000000797600000)
  from space 5120K, 1% used [0x0000000797600000,0x0000000797618000,0x0000000797b00000)
  to   space 5120K, 0% used [0x0000000799980000,0x0000000799980000,0x0000000799e80000)
 ParOldGen       total 123904K, used 64505K [0x0000000740000000, 0x0000000747900000, 0x0000000795580000)
  object space 123904K, 52% used [0x0000000740000000,0x0000000743efe538,0x0000000747900000)
 Metaspace       used 10361K, capacity 10626K, committed 11008K, reserved 1058816K
  class space    used 1103K, capacity 1188K, committed 1280K, reserved 1048576K
Event: 2.489 GC heap after
Heap after GC invocations=5 (full 1):
 PSYoungGen      total 68608K, used 64K [0x0000000795580000, 0x0000000799e00000, 0x00000007c0000000)
  eden space 64000K, 0% used [0x0000000795580000,0x0000000795580000,0x0000000799400000)
  from space 4608K, 1% used [0x0000000799980000,0x0000000799990000,0x0000000799e00000)
  to   space 5120K, 0% used [0x0000000799400000,0x0000000799400000,0x0000000799900000)
 ParOldGen       total 123904K, used 64505K [0x0000000740000000, 0x0000000747900000, 0x0000000795580000)
  object space 123904K, 52% used [0x0000000740000000,0x0000000743efe538,0x0000000747900000)
 Metaspace       used 10361K, capacity 10626K, committed 11008K, reserved 1058816K
  class space    used 1103K, capacity 1188K, committed 1280K, reserved 1048576K
}
Event: 14.873 GC heap before
{Heap before GC invocations=6 (full 1):
 PSYoungGen      total 68608K, used 64064K [0x0000000795580000, 0x0000000799e00000, 0x00000007c0000000)
  eden space 64000K, 100% used [0x0000000795580000,0x0000000799400000,0x0000000799400000)
  from space 4608K, 1% used [0x0000000799980000,0x0000000799990000,0x0000000799e00000)
  to   space 5120K, 0% used [0x0000000799400000,0x0000000799400000,0x0000000799900000)
 ParOldGen       total 123904K, used 64505K [0x0000000740000000, 0x0000000747900000, 0x0000000795580000)
  object space 123904K, 52% used [0x0000000740000000,0x0000000743efe538,0x0000000747900000)
 Metaspace       used 10682K, capacity 10882K, committed 11264K, reserved 1058816K
  class space    used 1124K, capacity 1188K, committed 1280K, reserved 1048576K
Event: 14.875 GC heap after
Heap after GC invocations=6 (full 1):
 PSYoungGen      total 69120K, used 128K [0x0000000795580000, 0x000000079fe80000, 0x00000007c0000000)
  eden space 64000K, 0% used [0x0000000795580000,0x0000000795580000,0x0000000799400000)
  from space 5120K, 2% used [0x0000000799400000,0x0000000799420000,0x0000000799900000)
  to   space 26112K, 0% used [0x000000079e500000,0x000000079e500000,0x000000079fe80000)
 ParOldGen       total 123904K, used 64513K [0x0000000740000000, 0x0000000747900000, 0x0000000795580000)
  object space 123904K, 52% used [0x0000000740000000,0x0000000743f00538,0x0000000747900000)
 Metaspace       used 10682K, capacity 10882K, committed 11264K, reserved 1058816K
  class space    used 1124K, capacity 1188K, committed 1280K, reserved 1048576K
}
Event: 30.540 GC heap before
{Heap before GC invocations=7 (full 1):
 PSYoungGen      total 69120K, used 64128K [0x0000000795580000, 0x000000079fe80000, 0x00000007c0000000)
  eden space 64000K, 100% used [0x0000000795580000,0x0000000799400000,0x0000000799400000)
  from space 5120K, 2% used [0x0000000799400000,0x0000000799420000,0x0000000799900000)
  to   space 26112K, 0% used [0x000000079e500000,0x000000079e500000,0x000000079fe80000)
 ParOldGen       total 123904K, used 64513K [0x0000000740000000, 0x0000000747900000, 0x0000000795580000)
  object space 123904K, 52% used [0x0000000740000000,0x0000000743f00538,0x0000000747900000)
 Metaspace       used 10687K, capacity 10882K, committed 11264K, reserved 1058816K
  class space    used 1124K, capacity 1188K, committed 1280K, reserved 1048576K
Event: 30.542 GC heap after
Heap after GC invocations=7 (full 1):
 PSYoungGen      total 138752K, used 128K [0x0000000795580000, 0x000000079f900000, 0x00000007c0000000)
  eden space 118272K, 0% used [0x0000000795580000,0x0000000795580000,0x000000079c900000)
  from space 20480K, 0% used [0x000000079e500000,0x000000079e520000,0x000000079f900000)
  to   space 24576K, 0% used [0x000000079c900000,0x000000079c900000,0x000000079e100000)
 ParOldGen       total 123904K, used 64521K [0x0000000740000000, 0x0000000747900000, 0x0000000795580000)
  object space 123904K, 52% used [0x0000000740000000,0x0000000743f02538,0x0000000747900000)
 Metaspace       used 10687K, capacity 10882K, committed 11264K, reserved 1058816K
  class space    used 1124K, capacity 1188K, committed 1280K, reserved 1048576K
}
Event: 55.939 GC heap before
{Heap before GC invocations=8 (full 1):
 PSYoungGen      total 138752K, used 118400K [0x0000000795580000, 0x000000079f900000, 0x00000007c0000000)
  eden space 118272K, 100% used [0x0000000795580000,0x000000079c900000,0x000000079c900000)
  from space 20480K, 0% used [0x000000079e500000,0x000000079e520000,0x000000079f900000)
  to   space 24576K, 0% used [0x000000079c900000,0x000000079c900000,0x000000079e100000)
 ParOldGen       total 123904K, used 64521K [0x0000000740000000, 0x0000000747900000, 0x0000000795580000)
  object space 123904K, 52% used [0x0000000740000000,0x0000000743f02538,0x0000000747900000)
 Metaspace       used 10689K, capacity 10946K, committed 11264K, reserved 1058816K
  class space    used 1124K, capacity 1188K, committed 1280K, reserved 1048576K
Event: 55.941 GC heap after
Heap after GC invocations=8 (full 1):
 PSYoungGen      total 142848K, used 96K [0x0000000795580000, 0x00000007a5380000, 0x00000007c0000000)
  eden space 118272K, 0% used [0x0000000795580000,0x0000000795580000,0x000000079c900000)
  from space 24576K, 0% used [0x000000079c900000,0x000000079c918000,0x000000079e100000)
  to   space 23040K, 0% used [0x00000007a3d00000,0x00000007a3d00000,0x00000007a5380000)
 ParOldGen       total 123904K, used 64529K [0x0000000740000000, 0x0000000747900000, 0x0000000795580000)
  object space 123904K, 52% used [0x0000000740000000,0x0000000743f04538,0x0000000747900000)
 Metaspace       used 10689K, capacity 10946K, committed 11264K, reserved 1058816K
  class space    used 1124K, capacity 1188K, committed 1280K, reserved 1048576K
}
Event: 78.923 GC heap before
{Heap before GC invocations=9 (full 1):
 PSYoungGen      total 142848K, used 118368K [0x0000000795580000, 0x00000007a5380000, 0x00000007c0000000)
  eden space 118272K, 100% used [0x0000000795580000,0x000000079c900000,0x000000079c900000)
  from space 24576K, 0% used [0x000000079c900000,0x000000079c918000,0x000000079e100000)
  to   space 23040K, 0% used [0x00000007a3d00000,0x00000007a3d00000,0x00000007a5380000)
 ParOldGen       total 123904K, used 64529K [0x0000000740000000, 0x0000000747900000, 0x0000000795580000)
  object space 123904K, 52% used [0x0000000740000000,0x0000000743f04538,0x0000000747900000)
 Metaspace       used 10689K, capacity 10946K, committed 11264K, reserved 1058816K
  class space    used 1124K, capacity 1188K, committed 1280K, reserved 1048576K
Event: 78.925 GC heap after
Heap after GC invocations=9 (full 1):
 PSYoungGen      total 221696K, used 128K [0x0000000795580000, 0x00000007a4a80000, 0x00000007c0000000)
  eden space 207872K, 0% used [0x0000000795580000,0x0000000795580000,0x00000007a2080000)
  from space 13824K, 0% used [0x00000007a3d00000,0x00000007a3d20000,0x00000007a4a80000)
  to   space 21504K, 0% used [0x00000007a2080000,0x00000007a2080000,0x00000007a3580000)
 ParOldGen       total 123904K, used 64553K [0x0000000740000000, 0x0000000747900000, 0x0000000795580000)
  object space 123904K, 52% used [0x0000000740000000,0x0000000743f0a538,0x0000000747900000)
 Metaspace       used 10689K, capacity 10946K, committed 11264K, reserved 1058816K
  class space    used 1124K, capacity 1188K, committed 1280K, reserved 1048576K
}

Deoptimization events (10 events):
Event: 91.772 Thread 0x00007fb5eb801800 Uncommon trap: reason=unstable_if action=reinterpret pc=0x000000011892e7c0 method=fr.rphstudio.chess.game.KnightMove.getPossibleMove(Lfr/rphstudio/chess/interf/IChess$ChessPosition;Lfr/rphstudio/chess/game/Board;)Ljava/util/List; @ 697
Event: 91.772 Thread 0x00007fb5eb801800 Uncommon trap: reason=unstable_if action=reinterpret pc=0x00000001188a2ef0 method=fr.rphstudio.chess.game.BishopMove.getPossibleMove(Lfr/rphstudio/chess/interf/IChess$ChessPosition;Lfr/rphstudio/chess/game/Board;)Ljava/util/List; @ 286
Event: 91.773 Thread 0x00007fb5eb801800 Uncommon trap: reason=unstable_if action=reinterpret pc=0x0000000118956a90 method=fr.rphstudio.chess.game.KingMove.getPossibleMove(Lfr/rphstudio/chess/interf/IChess$ChessPosition;Lfr/rphstudio/chess/game/Board;)Ljava/util/List; @ 493
Event: 91.773 Thread 0x00007fb5eb801800 Uncommon trap: reason=unstable_if action=reinterpret pc=0x00000001188cbfc4 method=fr.rphstudio.chess.launcher.ChessGameController.handleStateGames()V @ 697
Event: 95.473 Thread 0x00007fb5eb801800 Uncommon trap: reason=unstable_if action=reinterpret pc=0x00000001189332f0 method=fr.rphstudio.chess.game.RookMove.getPossibleMove(Lfr/rphstudio/chess/interf/IChess$ChessPosition;Lfr/rphstudio/chess/game/Board;)Ljava/util/List; @ 247
Event: 109.123 Thread 0x00007fb5eb801800 Uncommon trap: reason=unstable_if action=reinterpret pc=0x000000011894f478 method=org.lwjgl.input.Keyboard.readNext(Lorg/lwjgl/input/Keyboard$KeyEvent;)Z @ 6
Event: 109.372 Thread 0x00007fb5eb801800 Uncommon trap: reason=unstable_if action=reinterpret pc=0x0000000118985c00 method=org.lwjgl.opengl.MacOSXNativeKeyboard.flushDeferredEvent()V @ 4
Event: 110.022 Thread 0x00007fb5eb801800 Uncommon trap: reason=unstable_if action=reinterpret pc=0x000000011897e058 method=org.lwjgl.opengl.MacOSXNativeKeyboard.flushDeferredEvent()V @ 4
Event: 110.206 Thread 0x00007fb5eb801800 Uncommon trap: reason=unstable_if action=reinterpret pc=0x00000001188d10f4 method=org.lwjgl.opengl.MacOSXNativeKeyboard.flushDeferredEvent()V @ 4
Event: 112.972 Thread 0x00007fb5eb801800 Uncommon trap: reason=unstable_if action=reinterpret pc=0x00000001189822b0 method=fr.rphstudio.chess.game.ChessModel.getPieceColor(Lfr/rphstudio/chess/interf/IChess$ChessPosition;)Lfr/rphstudio/chess/interf/IChess$ChessColor; @ 13

Classes redefined (0 events):
No events

Internal exceptions (10 events):
Event: 0.752 Thread 0x00007fb5eb801800 Exception <a 'java/lang/UnsatisfiedLinkError'> (0x0000000795be9fc0) thrown at [/Users/java_re/workspace/8-2-build-macosx-x86_64/jdk8u201/12322/hotspot/src/share/vm/prims/jvm.cpp, line 1506]
Event: 0.833 Thread 0x00007fb5eb801800 Exception <a 'java/io/FileNotFoundException'> (0x0000000795d06c70) thrown at [/Users/java_re/workspace/8-2-build-macosx-x86_64/jdk8u201/12322/hotspot/src/share/vm/prims/jni.cpp, line 709]
Event: 7.957 Thread 0x00007fb5eb801800 Implicit null exception at 0x0000000118748332 to 0x0000000118748ee9
Event: 12.657 Thread 0x00007fb5eb801800 Implicit null exception at 0x00000001187b6c1c to 0x00000001187b7a99
Event: 12.657 Thread 0x00007fb5eb801800 Implicit null exception at 0x00000001187be646 to 0x00000001187bf101
Event: 16.974 Thread 0x00007fb5eb801800 Implicit null exception at 0x00000001188035b0 to 0x0000000118804bf1
Event: 23.107 Thread 0x00007fb5eb801800 Implicit null exception at 0x000000011883a8fe to 0x000000011883cfe5
Event: 32.691 Thread 0x00007fb5eb801800 Implicit null exception at 0x00000001188980d0 to 0x000000011889c6a5
Event: 48.007 Thread 0x00007fb5eb801800 Implicit null exception at 0x00000001188d3c9a to 0x00000001188d5905
Event: 95.473 Thread 0x00007fb5eb801800 Implicit null exception at 0x000000011893197f to 0x00000001189332cd

Events (10 events):
Event: 112.993 Thread 0x00007fb5eb92d000 flushing nmethod 0x0000000118698250
Event: 112.993 Thread 0x00007fb5eb92d000 flushing nmethod 0x00000001186987d0
Event: 112.993 Thread 0x00007fb5eb92d000 flushing nmethod 0x0000000118699bd0
Event: 112.993 Thread 0x00007fb5eb92d000 flushing nmethod 0x000000011869a590
Event: 112.993 Thread 0x00007fb5eb92d000 flushing nmethod 0x000000011869cdd0
Event: 112.993 Thread 0x00007fb5eb92d000 flushing nmethod 0x000000011869e910
Event: 112.993 Thread 0x00007fb5eb92d000 flushing nmethod 0x000000011869ed10
Event: 112.993 Thread 0x00007fb5eb92d000 flushing nmethod 0x000000011869ff50
Event: 112.993 Thread 0x00007fb5eb92d000 flushing nmethod 0x00000001186a0c50
Event: 112.993 Thread 0x00007fb5eb92d000 flushing nmethod 0x00000001186ae2d0


Dynamic libraries:
0x00007fff46c7c000 	/System/Library/Frameworks/Cocoa.framework/Versions/A/Cocoa
0x00007fff53299000 	/System/Library/Frameworks/Security.framework/Versions/A/Security
0x00007fff458bd000 	/System/Library/Frameworks/ApplicationServices.framework/Versions/A/ApplicationServices
0x00007fff6f1cd000 	/usr/lib/libz.1.dylib
0x00007fff6d0fe000 	/usr/lib/libSystem.B.dylib
0x00007fff6e7b7000 	/usr/lib/libobjc.A.dylib
0x00007fff4742f000 	/System/Library/Frameworks/CoreFoundation.framework/Versions/A/CoreFoundation
0x00007fff49591000 	/System/Library/Frameworks/Foundation.framework/Versions/C/Foundation
0x00007fff44a0d000 	/System/Library/Frameworks/AppKit.framework/Versions/C/AppKit
0x00007fff46ff4000 	/System/Library/Frameworks/CoreData.framework/Versions/A/CoreData
0x00007fff669b7000 	/System/Library/PrivateFrameworks/RemoteViewServices.framework/Versions/A/RemoteViewServices
0x00007fff6b130000 	/System/Library/PrivateFrameworks/UIFoundation.framework/Versions/A/UIFoundation
0x00007fff5b7af000 	/System/Library/PrivateFrameworks/DFRFoundation.framework/Versions/A/DFRFoundation
0x00007fff4bbfe000 	/System/Library/Frameworks/Metal.framework/Versions/A/Metal
0x00007fff5b94c000 	/System/Library/PrivateFrameworks/DesktopServicesPriv.framework/Versions/A/DesktopServicesPriv
0x00007fff6dd04000 	/usr/lib/libenergytrace.dylib
0x00007fff6919c000 	/System/Library/PrivateFrameworks/SkyLight.framework/Versions/A/SkyLight
0x00007fff478d2000 	/System/Library/Frameworks/CoreGraphics.framework/Versions/A/CoreGraphics
0x00007fff6d0f9000 	/usr/lib/libScreenReader.dylib
0x00007fff439a7000 	/System/Library/Frameworks/Accelerate.framework/Versions/A/Accelerate
0x00007fff49d0c000 	/System/Library/Frameworks/IOSurface.framework/Versions/A/IOSurface
0x00007fff45e07000 	/System/Library/Frameworks/AudioToolbox.framework/Versions/A/AudioToolbox
0x00007fff46097000 	/System/Library/Frameworks/AudioUnit.framework/Versions/A/AudioUnit
0x00007fff5b847000 	/System/Library/PrivateFrameworks/DataDetectorsCore.framework/Versions/A/DataDetectorsCore
0x00007fff4676f000 	/System/Library/Frameworks/Carbon.framework/Versions/A/Frameworks/HIToolbox.framework/Versions/A/HIToolbox
0x00007fff6de5e000 	/usr/lib/libicucore.A.dylib
0x00007fff52816000 	/System/Library/Frameworks/QuartzCore.framework/Versions/A/QuartzCore
0x00007fff6843e000 	/System/Library/PrivateFrameworks/SignpostNotification.framework/Versions/A/SignpostNotification
0x00007fff46b55000 	/System/Library/Frameworks/Carbon.framework/Versions/A/Frameworks/SpeechRecognition.framework/Versions/A/SpeechRecognition
0x00007fff6d25a000 	/usr/lib/libauto.dylib
0x00007fff6f0bc000 	/usr/lib/libxml2.2.dylib
0x00007fff5b3ff000 	/System/Library/PrivateFrameworks/CoreUI.framework/Versions/A/CoreUI
0x00007fff46ed0000 	/System/Library/Frameworks/CoreAudio.framework/Versions/A/CoreAudio
0x00007fff493cb000 	/System/Library/Frameworks/DiskArbitration.framework/Versions/A/DiskArbitration
0x00007fff6e0d2000 	/usr/lib/liblangid.dylib
0x00007fff62eba000 	/System/Library/PrivateFrameworks/MultitouchSupport.framework/Versions/A/MultitouchSupport
0x00007fff49c6e000 	/System/Library/Frameworks/IOKit.framework/Versions/A/IOKit
0x00007fff6cd88000 	/usr/lib/libDiagnosticMessagesClient.dylib
0x00007fff485a8000 	/System/Library/Frameworks/CoreServices.framework/Versions/A/CoreServices
0x00007fff649f3000 	/System/Library/PrivateFrameworks/PerformanceAnalysis.framework/Versions/A/PerformanceAnalysis
0x00007fff519b8000 	/System/Library/Frameworks/OpenGL.framework/Versions/A/OpenGL
0x00007fff46c8a000 	/System/Library/Frameworks/ColorSync.framework/Versions/A/ColorSync
0x00007fff47ee4000 	/System/Library/Frameworks/CoreImage.framework/Versions/A/CoreImage
0x00007fff48f39000 	/System/Library/Frameworks/CoreText.framework/Versions/A/CoreText
0x00007fff49d6a000 	/System/Library/Frameworks/ImageIO.framework/Versions/A/ImageIO
0x00007fff580ab000 	/System/Library/PrivateFrameworks/Backup.framework/Versions/A/Backup
0x00007fff6d1aa000 	/usr/lib/libarchive.2.dylib
0x00007fff463ba000 	/System/Library/Frameworks/CFNetwork.framework/Versions/A/CFNetwork
0x00007fff53a2c000 	/System/Library/Frameworks/SystemConfiguration.framework/Versions/A/SystemConfiguration
0x00007fff6ccb1000 	/usr/lib/libCRFSuite.dylib
0x00007fff6d333000 	/usr/lib/libc++.1.dylib
0x00007fff6d38a000 	/usr/lib/libc++abi.dylib
0x00007fff6f27b000 	/usr/lib/system/libcache.dylib
0x00007fff6f280000 	/usr/lib/system/libcommonCrypto.dylib
0x00007fff6f28b000 	/usr/lib/system/libcompiler_rt.dylib
0x00007fff6f293000 	/usr/lib/system/libcopyfile.dylib
0x00007fff6f29d000 	/usr/lib/system/libcorecrypto.dylib
0x00007fff6f3aa000 	/usr/lib/system/libdispatch.dylib
0x00007fff6f3e4000 	/usr/lib/system/libdyld.dylib
0x00007fff6f402000 	/usr/lib/system/libkeymgr.dylib
0x00007fff6f410000 	/usr/lib/system/liblaunch.dylib
0x00007fff6f411000 	/usr/lib/system/libmacho.dylib
0x00007fff6f416000 	/usr/lib/system/libquarantine.dylib
0x00007fff6f419000 	/usr/lib/system/libremovefile.dylib
0x00007fff6f41b000 	/usr/lib/system/libsystem_asl.dylib
0x00007fff6f433000 	/usr/lib/system/libsystem_blocks.dylib
0x00007fff6f434000 	/usr/lib/system/libsystem_c.dylib
0x00007fff6f4be000 	/usr/lib/system/libsystem_configuration.dylib
0x00007fff6f4c2000 	/usr/lib/system/libsystem_coreservices.dylib
0x00007fff6f4c6000 	/usr/lib/system/libsystem_darwin.dylib
0x00007fff6f4c8000 	/usr/lib/system/libsystem_dnssd.dylib
0x00007fff6f4cf000 	/usr/lib/system/libsystem_info.dylib
0x00007fff6f540000 	/usr/lib/system/libsystem_m.dylib
0x00007fff6f58c000 	/usr/lib/system/libsystem_malloc.dylib
0x00007fff6f5ac000 	/usr/lib/system/libsystem_network.dylib
0x00007fff6f6dd000 	/usr/lib/system/libsystem_networkextension.dylib
0x00007fff6f6e8000 	/usr/lib/system/libsystem_notify.dylib
0x00007fff6f706000 	/usr/lib/system/libsystem_sandbox.dylib
0x00007fff6f70a000 	/usr/lib/system/libsystem_secinit.dylib
0x00007fff6f519000 	/usr/lib/system/libsystem_kernel.dylib
0x00007fff6f6f2000 	/usr/lib/system/libsystem_platform.dylib
0x00007fff6f6fa000 	/usr/lib/system/libsystem_pthread.dylib
0x00007fff6f70c000 	/usr/lib/system/libsystem_symptoms.dylib
0x00007fff6f714000 	/usr/lib/system/libsystem_trace.dylib
0x00007fff6f729000 	/usr/lib/system/libunwind.dylib
0x00007fff6f72f000 	/usr/lib/system/libxpc.dylib
0x00007fff6cbc4000 	/usr/lib/closure/libclosured.dylib
0x00007fff6d314000 	/usr/lib/libbsm.0.dylib
0x00007fff6f403000 	/usr/lib/system/libkxld.dylib
0x00007fff6cfc2000 	/usr/lib/libOpenScriptingUtil.dylib
0x00007fff6d683000 	/usr/lib/libcoretls.dylib
0x00007fff6d69c000 	/usr/lib/libcoretls_cfhelpers.dylib
0x00007fff6ebb8000 	/usr/lib/libpam.2.dylib
0x00007fff6ecdf000 	/usr/lib/libsqlite3.dylib
0x00007fff6f0ab000 	/usr/lib/libxar.1.dylib
0x00007fff6d325000 	/usr/lib/libbz2.1.0.dylib
0x00007fff6e0d4000 	/usr/lib/liblzma.5.dylib
0x00007fff6e5b5000 	/usr/lib/libnetwork.dylib
0x00007fff6d193000 	/usr/lib/libapple_nghttp2.dylib
0x00007fff6ebbf000 	/usr/lib/libpcap.A.dylib
0x00007fff6d25b000 	/usr/lib/libboringssl.dylib
0x00007fff6f046000 	/usr/lib/libusrtcp.dylib
0x00007fff6d192000 	/usr/lib/libapple_crypto.dylib
0x00007fff4892b000 	/System/Library/Frameworks/CoreServices.framework/Versions/A/Frameworks/FSEvents.framework/Versions/A/FSEvents
0x00007fff4861e000 	/System/Library/Frameworks/CoreServices.framework/Versions/A/Frameworks/CarbonCore.framework/Versions/A/CarbonCore
0x00007fff48af3000 	/System/Library/Frameworks/CoreServices.framework/Versions/A/Frameworks/Metadata.framework/Versions/A/Metadata
0x00007fff48ba4000 	/System/Library/Frameworks/CoreServices.framework/Versions/A/Frameworks/OSServices.framework/Versions/A/OSServices
0x00007fff48c05000 	/System/Library/Frameworks/CoreServices.framework/Versions/A/Frameworks/SearchKit.framework/Versions/A/SearchKit
0x00007fff485a9000 	/System/Library/Frameworks/CoreServices.framework/Versions/A/Frameworks/AE.framework/Versions/A/AE
0x00007fff48934000 	/System/Library/Frameworks/CoreServices.framework/Versions/A/Frameworks/LaunchServices.framework/Versions/A/LaunchServices
0x00007fff488f6000 	/System/Library/Frameworks/CoreServices.framework/Versions/A/Frameworks/DictionaryServices.framework/Versions/A/DictionaryServices
0x00007fff48c74000 	/System/Library/Frameworks/CoreServices.framework/Versions/A/Frameworks/SharedFileList.framework/Versions/A/SharedFileList
0x00007fff4ce34000 	/System/Library/Frameworks/NetFS.framework/Versions/A/NetFS
0x00007fff6314b000 	/System/Library/PrivateFrameworks/NetAuth.framework/Versions/A/NetAuth
0x00007fff6ca5b000 	/System/Library/PrivateFrameworks/login.framework/Versions/A/Frameworks/loginsupport.framework/Versions/A/loginsupport
0x00007fff6adad000 	/System/Library/PrivateFrameworks/TCC.framework/Versions/A/TCC
0x00007fff6e1b5000 	/usr/lib/libmecabra.dylib
0x00007fff458be000 	/System/Library/Frameworks/ApplicationServices.framework/Versions/A/Frameworks/ATS.framework/Versions/A/ATS
0x00007fff45c6c000 	/System/Library/Frameworks/ApplicationServices.framework/Versions/A/Frameworks/ColorSyncLegacy.framework/Versions/A/ColorSyncLegacy
0x00007fff45d10000 	/System/Library/Frameworks/ApplicationServices.framework/Versions/A/Frameworks/HIServices.framework/Versions/A/HIServices
0x00007fff45d63000 	/System/Library/Frameworks/ApplicationServices.framework/Versions/A/Frameworks/LangAnalysis.framework/Versions/A/LangAnalysis
0x00007fff45d72000 	/System/Library/Frameworks/ApplicationServices.framework/Versions/A/Frameworks/PrintCore.framework/Versions/A/PrintCore
0x00007fff45dbf000 	/System/Library/Frameworks/ApplicationServices.framework/Versions/A/Frameworks/QD.framework/Versions/A/QD
0x00007fff45dfa000 	/System/Library/Frameworks/ApplicationServices.framework/Versions/A/Frameworks/SpeechSynthesis.framework/Versions/A/SpeechSynthesis
0x00007fff4734b000 	/System/Library/Frameworks/CoreDisplay.framework/Versions/A/CoreDisplay
0x00007fff439bf000 	/System/Library/Frameworks/Accelerate.framework/Versions/A/Frameworks/vImage.framework/Versions/A/vImage
0x00007fff44719000 	/System/Library/Frameworks/Accelerate.framework/Versions/A/Frameworks/vecLib.framework/Versions/A/vecLib
0x00007fff444b9000 	/System/Library/Frameworks/Accelerate.framework/Versions/A/Frameworks/vecLib.framework/Versions/A/libvDSP.dylib
0x00007fff44019000 	/System/Library/Frameworks/Accelerate.framework/Versions/A/Frameworks/vecLib.framework/Versions/A/libBNNS.dylib
0x00007fff4441e000 	/System/Library/Frameworks/Accelerate.framework/Versions/A/Frameworks/vecLib.framework/Versions/A/libQuadrature.dylib
0x00007fff44667000 	/System/Library/Frameworks/Accelerate.framework/Versions/A/Frameworks/vecLib.framework/Versions/A/libvMisc.dylib
0x00007fff44048000 	/System/Library/Frameworks/Accelerate.framework/Versions/A/Frameworks/vecLib.framework/Versions/A/libLAPACK.dylib
0x00007fff43ebe000 	/System/Library/Frameworks/Accelerate.framework/Versions/A/Frameworks/vecLib.framework/Versions/A/libBLAS.dylib
0x00007fff44408000 	/System/Library/Frameworks/Accelerate.framework/Versions/A/Frameworks/vecLib.framework/Versions/A/libLinearAlgebra.dylib
0x00007fff44424000 	/System/Library/Frameworks/Accelerate.framework/Versions/A/Frameworks/vecLib.framework/Versions/A/libSparse.dylib
0x00007fff444a5000 	/System/Library/Frameworks/Accelerate.framework/Versions/A/Frameworks/vecLib.framework/Versions/A/libSparseBLAS.dylib
0x00007fff5ff8b000 	/System/Library/PrivateFrameworks/GPUWrangler.framework/Versions/A/GPUWrangler
0x00007fff6171c000 	/System/Library/PrivateFrameworks/IOAccelerator.framework/Versions/A/IOAccelerator
0x00007fff61727000 	/System/Library/PrivateFrameworks/IOPresentment.framework/Versions/A/IOPresentment
0x00007fff5b7c1000 	/System/Library/PrivateFrameworks/DSExternalDisplay.framework/Versions/A/DSExternalDisplay
0x00007fff50e37000 	/System/Library/Frameworks/OpenGL.framework/Versions/A/Libraries/libCoreFSCache.dylib
0x00007fff4908a000 	/System/Library/Frameworks/CoreVideo.framework/Versions/A/CoreVideo
0x00007fff60d06000 	/System/Library/PrivateFrameworks/GraphVisualizer.framework/Versions/A/GraphVisualizer
0x00007fff4be35000 	/System/Library/Frameworks/MetalPerformanceShaders.framework/Versions/A/MetalPerformanceShaders
0x00007fff6cdc0000 	/usr/lib/libFosl_dynamic.dylib
0x00007fff5c895000 	/System/Library/PrivateFrameworks/FaceCore.framework/Versions/A/FaceCore
0x00007fff4fc32000 	/System/Library/Frameworks/OpenCL.framework/Versions/A/OpenCL
0x00007fff6d3c1000 	/usr/lib/libcompression.dylib
0x00007fff459bd000 	/System/Library/Frameworks/ApplicationServices.framework/Versions/A/Frameworks/ATS.framework/Versions/A/Resources/libFontParser.dylib
0x00007fff45ae0000 	/System/Library/Frameworks/ApplicationServices.framework/Versions/A/Frameworks/ATS.framework/Versions/A/Resources/libFontRegistry.dylib
0x00007fff49fd2000 	/System/Library/Frameworks/ImageIO.framework/Versions/A/Resources/libJPEG.dylib
0x00007fff4a2fb000 	/System/Library/Frameworks/ImageIO.framework/Versions/A/Resources/libTIFF.dylib
0x00007fff4a2d1000 	/System/Library/Frameworks/ImageIO.framework/Versions/A/Resources/libPng.dylib
0x00007fff49ee5000 	/System/Library/Frameworks/ImageIO.framework/Versions/A/Resources/libGIF.dylib
0x00007fff49eea000 	/System/Library/Frameworks/ImageIO.framework/Versions/A/Resources/libJP2.dylib
0x00007fff4a2f8000 	/System/Library/Frameworks/ImageIO.framework/Versions/A/Resources/libRadiance.dylib
0x00007fff577d5000 	/System/Library/PrivateFrameworks/AppleJPEG.framework/Versions/A/AppleJPEG
0x00007fff4bc9c000 	/System/Library/Frameworks/MetalPerformanceShaders.framework/Frameworks/MPSCore.framework/Versions/A/MPSCore
0x00007fff4bcb8000 	/System/Library/Frameworks/MetalPerformanceShaders.framework/Frameworks/MPSImage.framework/Versions/A/MPSImage
0x00007fff4bd4d000 	/System/Library/Frameworks/MetalPerformanceShaders.framework/Frameworks/MPSNeuralNetwork.framework/Versions/A/MPSNeuralNetwork
0x00007fff4bd28000 	/System/Library/Frameworks/MetalPerformanceShaders.framework/Frameworks/MPSMatrix.framework/Versions/A/MPSMatrix
0x00007fff62c1d000 	/System/Library/PrivateFrameworks/MetalTools.framework/Versions/A/MetalTools
0x00007fff51002000 	/System/Library/Frameworks/OpenGL.framework/Versions/A/Libraries/libGLU.dylib
0x00007fff50e42000 	/System/Library/Frameworks/OpenGL.framework/Versions/A/Libraries/libGFXShared.dylib
0x00007fff50e4c000 	/System/Library/Frameworks/OpenGL.framework/Versions/A/Libraries/libGL.dylib
0x00007fff50e58000 	/System/Library/Frameworks/OpenGL.framework/Versions/A/Libraries/libGLImage.dylib
0x00007fff50e34000 	/System/Library/Frameworks/OpenGL.framework/Versions/A/Libraries/libCVMSPluginSupport.dylib
0x00007fff50e3d000 	/System/Library/Frameworks/OpenGL.framework/Versions/A/Libraries/libCoreVMClient.dylib
0x00007fff6db6e000 	/usr/lib/libcups.2.dylib
0x00007fff4b203000 	/System/Library/Frameworks/Kerberos.framework/Versions/A/Kerberos
0x00007fff499c8000 	/System/Library/Frameworks/GSS.framework/Versions/A/GSS
0x00007fff6ec72000 	/usr/lib/libresolv.9.dylib
0x00007fff6dd6c000 	/usr/lib/libiconv.2.dylib
0x00007fff60d98000 	/System/Library/PrivateFrameworks/Heimdal.framework/Versions/A/Heimdal
0x00007fff6dd3b000 	/usr/lib/libheimdal-asn1.dylib
0x00007fff4fcaa000 	/System/Library/Frameworks/OpenDirectory.framework/Versions/A/OpenDirectory
0x00007fff59aec000 	/System/Library/PrivateFrameworks/CommonAuth.framework/Versions/A/CommonAuth
0x00007fff4fc8d000 	/System/Library/Frameworks/OpenDirectory.framework/Versions/A/Frameworks/CFOpenDirectory.framework/Versions/A/CFOpenDirectory
0x00007fff535c5000 	/System/Library/Frameworks/SecurityFoundation.framework/Versions/A/SecurityFoundation
0x00007fff56999000 	/System/Library/PrivateFrameworks/APFS.framework/Versions/A/APFS
0x00007fff6f0a7000 	/usr/lib/libutil.dylib
0x00007fff57858000 	/System/Library/PrivateFrameworks/AppleSauce.framework/Versions/A/AppleSauce
0x00007fff61f04000 	/System/Library/PrivateFrameworks/LinguisticData.framework/Versions/A/LinguisticData
0x00007fff6e0ee000 	/usr/lib/libmarisa.dylib
0x00007fff61ebe000 	/System/Library/PrivateFrameworks/Lexicon.framework/Versions/A/Lexicon
0x00007fff6cceb000 	/usr/lib/libChineseTokenizer.dylib
0x00007fff6d3b0000 	/usr/lib/libcmph.dylib
0x00007fff61dc8000 	/System/Library/PrivateFrameworks/LanguageModeling.framework/Versions/A/LanguageModeling
0x00007fff5a609000 	/System/Library/PrivateFrameworks/CoreEmoji.framework/Versions/A/CoreEmoji
0x00007fff53683000 	/System/Library/Frameworks/ServiceManagement.framework/Versions/A/ServiceManagement
0x00007fff580a3000 	/System/Library/PrivateFrameworks/BackgroundTaskManagement.framework/Versions/A/BackgroundTaskManagement
0x00007fff6f1a4000 	/usr/lib/libxslt.1.dylib
0x00007fff46a7f000 	/System/Library/Frameworks/Carbon.framework/Versions/A/Frameworks/Ink.framework/Versions/A/Ink
0x00007fff6afc2000 	/System/Library/PrivateFrameworks/TextureIO.framework/Versions/A/TextureIO
0x00007fff6d1d5000 	/usr/lib/libate.dylib
0x00007fff5b720000 	/System/Library/PrivateFrameworks/CrashReporterSupport.framework/Versions/A/CrashReporterSupport
0x00007fff682fe000 	/System/Library/PrivateFrameworks/Sharing.framework/Versions/A/Sharing
0x00007fff61b09000 	/System/Library/PrivateFrameworks/IconServices.framework/Versions/A/IconServices
0x00007fff57cd3000 	/System/Library/PrivateFrameworks/AuthKit.framework/Versions/A/AuthKit
0x00007fff57658000 	/System/Library/PrivateFrameworks/Apple80211.framework/Versions/A/Apple80211
0x00007fff5b535000 	/System/Library/PrivateFrameworks/CoreUtils.framework/Versions/A/CoreUtils
0x00007fff490c5000 	/System/Library/Frameworks/CoreWLAN.framework/Versions/A/CoreWLAN
0x00007fff49b0a000 	/System/Library/Frameworks/IOBluetooth.framework/Versions/A/IOBluetooth
0x00007fff667c2000 	/System/Library/PrivateFrameworks/ProtocolBuffer.framework/Versions/A/ProtocolBuffer
0x00007fff62e15000 	/System/Library/PrivateFrameworks/MobileKeyBag.framework/Versions/A/MobileKeyBag
0x00007fff5adad000 	/System/Library/PrivateFrameworks/CorePhoneNumbers.framework/Versions/A/CorePhoneNumbers
0x00007fff57790000 	/System/Library/PrivateFrameworks/AppleIDAuthSupport.framework/Versions/A/AppleIDAuthSupport
0x00007fff61db4000 	/System/Library/PrivateFrameworks/KeychainCircle.framework/Versions/A/KeychainCircle
0x00007fff5b6bb000 	/System/Library/PrivateFrameworks/CoreWiFi.framework/Versions/A/CoreWiFi
0x00007fff46fca000 	/System/Library/Frameworks/CoreBluetooth.framework/Versions/A/CoreBluetooth
0x00007fff5b90b000 	/System/Library/PrivateFrameworks/DebugSymbols.framework/Versions/A/DebugSymbols
0x00007fff5b2eb000 	/System/Library/PrivateFrameworks/CoreSymbolication.framework/Versions/A/CoreSymbolication
0x00007fff6a7b4000 	/System/Library/PrivateFrameworks/Symbolication.framework/Versions/A/Symbolication
0x00007fff57682000 	/System/Library/PrivateFrameworks/AppleFSCompression.framework/Versions/A/AppleFSCompression
0x00007fff69c01000 	/System/Library/PrivateFrameworks/SpeechRecognitionCore.framework/Versions/A/SpeechRecognitionCore
0x000000010c200000 	/Library/Java/JavaVirtualMachines/jdk1.8.0_201.jdk/Contents/Home/jre/lib/server/libjvm.dylib
0x00007fff6ef74000 	/usr/lib/libstdc++.6.0.9.dylib
0x000000010b825000 	/Library/Java/JavaVirtualMachines/jdk1.8.0_201.jdk/Contents/Home/jre/lib/libverify.dylib
0x000000010b833000 	/Library/Java/JavaVirtualMachines/jdk1.8.0_201.jdk/Contents/Home/jre/lib/libjava.dylib
0x000000010b86a000 	/Library/Java/JavaVirtualMachines/jdk1.8.0_201.jdk/Contents/Home/jre/lib/libinstrument.dylib
0x000000010b908000 	/Library/Java/JavaVirtualMachines/jdk1.8.0_201.jdk/Contents/Home/jre/lib/libzip.dylib
0x000000011551e000 	/Library/Java/JavaVirtualMachines/jdk1.8.0_201.jdk/Contents/Home/jre/lib/libnet.dylib
0x000000011557d000 	/Library/Java/JavaVirtualMachines/jdk1.8.0_201.jdk/Contents/Home/jre/lib/libawt.dylib
0x0000000115626000 	/Library/Java/JavaVirtualMachines/jdk1.8.0_201.jdk/Contents/Home/jre/lib/./libmlib_image.dylib
0x00007fff4b1ec000 	/System/Library/Frameworks/JavaVM.framework/Versions/A/Frameworks/JavaNativeFoundation.framework/Versions/A/JavaNativeFoundation
0x00007fff4b1f5000 	/System/Library/Frameworks/JavaVM.framework/Versions/A/Frameworks/JavaRuntimeSupport.framework/Versions/A/JavaRuntimeSupport
0x00007fff4b1fe000 	/System/Library/Frameworks/JavaVM.framework/Versions/A/JavaVM
0x00007fff61cca000 	/System/Library/PrivateFrameworks/JavaLaunching.framework/Versions/A/JavaLaunching
0x00007fff4676a000 	/System/Library/Frameworks/Carbon.framework/Versions/A/Carbon
0x00007fff4676b000 	/System/Library/Frameworks/Carbon.framework/Versions/A/Frameworks/CommonPanels.framework/Versions/A/CommonPanels
0x00007fff46a75000 	/System/Library/Frameworks/Carbon.framework/Versions/A/Frameworks/Help.framework/Versions/A/Help
0x00007fff46a79000 	/System/Library/Frameworks/Carbon.framework/Versions/A/Frameworks/ImageCapture.framework/Versions/A/ImageCapture
0x00007fff46b15000 	/System/Library/Frameworks/Carbon.framework/Versions/A/Frameworks/OpenScripting.framework/Versions/A/OpenScripting
0x00007fff46b50000 	/System/Library/Frameworks/Carbon.framework/Versions/A/Frameworks/Print.framework/Versions/A/Print
0x00007fff46b52000 	/System/Library/Frameworks/Carbon.framework/Versions/A/Frameworks/SecurityHI.framework/Versions/A/SecurityHI
0x00000001156f2000 	/Library/Java/JavaVirtualMachines/jdk1.8.0_201.jdk/Contents/Home/jre/lib/libawt_lwawt.dylib
0x00000001157ac000 	/Library/Java/JavaVirtualMachines/jdk1.8.0_201.jdk/Contents/Home/jre/lib/./libosxapp.dylib
0x00007fff4956a000 	/System/Library/Frameworks/ExceptionHandling.framework/Versions/A/ExceptionHandling
0x00007fff5af40000 	/System/Library/PrivateFrameworks/CoreServicesInternal.framework/Versions/A/CoreServicesInternal
0x00007fff3f9e5000 	/System/Library/CoreServices/RawCamera.bundle/Contents/MacOS/RawCamera
0x00007fff62c8f000 	/System/Library/PrivateFrameworks/MobileAsset.framework/Versions/A/MobileAsset
0x00007fff6a0bb000 	/System/Library/PrivateFrameworks/StreamingZip.framework/Versions/A/StreamingZip
0x00007fff4b592000 	/System/Library/Frameworks/MediaToolbox.framework/Versions/A/MediaToolbox
0x00007fff5a23a000 	/System/Library/PrivateFrameworks/CoreAVCHD.framework/Versions/A/CoreAVCHD
0x00007fff4b4db000 	/System/Library/Frameworks/MediaAccessibility.framework/Versions/A/MediaAccessibility
0x00007fff6270a000 	/System/Library/PrivateFrameworks/Mangrove.framework/Versions/A/Mangrove
0x00007fff48462000 	/System/Library/Frameworks/CoreMedia.framework/Versions/A/CoreMedia
0x00007fff53c51000 	/System/Library/Frameworks/VideoToolbox.framework/Versions/A/VideoToolbox
0x00007fff59e31000 	/System/Library/PrivateFrameworks/CoreAUC.framework/Versions/A/CoreAUC
0x00007fff6ecdd000 	/usr/lib/libspindump.dylib
0x00007fff5794d000 	/System/Library/PrivateFrameworks/AppleVA.framework/Versions/A/AppleVA
0x00007fff439a8000 	/System/Library/Frameworks/Accelerate.framework/Versions/A/Frameworks/vImage.framework/Versions/A/Libraries/libCGInterfaces.dylib
0x00007fff45bcf000 	/System/Library/Frameworks/ApplicationServices.framework/Versions/A/Frameworks/ATS.framework/Versions/A/Resources/libTrueTypeScaler.dylib
0x00007fff413c8000 	/System/Library/Extensions/AppleIntelKBLGraphicsMTLDriver.bundle/Contents/MacOS/AppleIntelKBLGraphicsMTLDriver
0x00007fff5e91f000 	/System/Library/PrivateFrameworks/GPUCompiler.framework/Versions/3802/Libraries/libmetal_timestamp.dylib
0x00007fff5cccd000 	/System/Library/PrivateFrameworks/FamilyControls.framework/Versions/A/FamilyControls
0x00007fff59adf000 	/System/Library/PrivateFrameworks/CommerceKit.framework/Versions/A/Frameworks/CommerceCore.framework/Versions/A/CommerceCore
0x00007fff6ab03000 	/System/Library/PrivateFrameworks/SystemAdministration.framework/Versions/A/SystemAdministration
0x00007fff5760b000 	/System/Library/PrivateFrameworks/AppContainer.framework/Versions/A/AppContainer
0x00007fff681b6000 	/System/Library/PrivateFrameworks/SecCodeWrapper.framework/Versions/A/SecCodeWrapper
0x00007fff5bc59000 	/System/Library/PrivateFrameworks/DiskManagement.framework/Versions/A/DiskManagement
0x00007fff492de000 	/System/Library/Frameworks/DirectoryService.framework/Versions/A/DirectoryService
0x00007fff5bb86000 	/System/Library/PrivateFrameworks/DiskImages.framework/Versions/A/DiskImages
0x00007fff61ffb000 	/System/Library/PrivateFrameworks/LoginUIKit.framework/Versions/A/Frameworks/LoginUICore.framework/Versions/A/LoginUICore
0x00007fff6ccf7000 	/usr/lib/libCoreStorage.dylib
0x00007fff6db62000 	/usr/lib/libcsfde.dylib
0x00007fff6eba6000 	/usr/lib/libodfde.dylib
0x00007fff62829000 	/System/Library/PrivateFrameworks/MediaKit.framework/Versions/A/MediaKit
0x00007fff492ea000 	/System/Library/Frameworks/DiscRecording.framework/Versions/A/DiscRecording
0x00007fff5bdd5000 	/System/Library/PrivateFrameworks/EFILogin.framework/Versions/A/EFILogin
0x00007fff6676a000 	/System/Library/PrivateFrameworks/ProtectedCloudStorage.framework/Versions/A/ProtectedCloudStorage
0x00007fff6dbef000 	/usr/lib/libcurl.4.dylib
0x00007fff6d836000 	/usr/lib/libcrypto.35.dylib
0x00007fff6eece000 	/usr/lib/libssl.35.dylib
0x00007fff4b21d000 	/System/Library/Frameworks/LDAP.framework/Versions/A/LDAP
0x00007fff6b129000 	/System/Library/PrivateFrameworks/TrustEvaluationAgent.framework/Versions/A/TrustEvaluationAgent
0x00007fff6ecca000 	/usr/lib/libsasl2.2.dylib
0x00007fff5a492000 	/System/Library/PrivateFrameworks/CoreDaemon.framework/Versions/B/CoreDaemon
0x00007fff5784f000 	/System/Library/PrivateFrameworks/AppleSRP.framework/Versions/A/AppleSRP
0x0000000117e94000 	/Library/Java/JavaVirtualMachines/jdk1.8.0_201.jdk/Contents/Home/jre/lib/libfontmanager.dylib
0x0000000117efb000 	/Users/kucukoglujoan/IdeaProjects/ChessPublicCF/lib/liblwjgl.jnilib
0x0000000115a7c000 	/Library/Java/JavaVirtualMachines/jdk1.8.0_201.jdk/Contents/Home/jre/lib/libjawt.dylib
0x00007fff519c8000 	/System/Library/Frameworks/OpenGL.framework/Versions/A/Resources/GLEngine.bundle/GLEngine
0x00007fff50e94000 	/System/Library/Frameworks/OpenGL.framework/Versions/A/Libraries/libGLProgrammability.dylib
0x0000000127335000 	/System/Library/Extensions/AppleIntelKBLGraphicsGLDriver.bundle/Contents/MacOS/AppleIntelKBLGraphicsGLDriver
0x00007fff5ff7f000 	/System/Library/PrivateFrameworks/GPUSupport.framework/Versions/A/Libraries/libGPUSupportMercury.dylib
0x00007fff51b60000 	/System/Library/Frameworks/OpenGL.framework/Versions/A/Resources/GLRendererFloat.bundle/GLRendererFloat
0x00007fff4fc29000 	/System/Library/Frameworks/OpenCL.framework/Versions/A/Libraries/libcldcpuengine.dylib
0x00007fff6bfb4000 	/System/Library/PrivateFrameworks/ViewBridge.framework/Versions/A/ViewBridge
0x0000000117472000 	/Users/kucukoglujoan/IdeaProjects/ChessPublicCF/lib/libjinput-osx.jnilib
0x000000012d860000 	/System/Library/Extensions/IOHIDFamily.kext/Contents/PlugIns/IOHIDLib.plugin/Contents/MacOS/IOHIDLib
0x000000012d89a000 	/Library/Java/JavaVirtualMachines/jdk1.8.0_201.jdk/Contents/Home/jre/lib/libnio.dylib
0x000000012eb03000 	/Library/Java/JavaVirtualMachines/jdk1.8.0_201.jdk/Contents/Home/jre/lib/libjpeg.dylib
0x00007fff6ca5e000 	/System/Library/PrivateFrameworks/login.framework/Versions/A/login

VM Arguments:
jvm_args: -Djava.library.path=lib -javaagent:/Applications/IntelliJ IDEA.app/Contents/lib/idea_rt.jar=51901:/Applications/IntelliJ IDEA.app/Contents/bin -Dfile.encoding=UTF-8 
java_command: fr.rphstudio.chess.launcher.MainLauncher
java_class_path (initial): /Library/Java/JavaVirtualMachines/jdk1.8.0_201.jdk/Contents/Home/jre/lib/charsets.jar:/Library/Java/JavaVirtualMachines/jdk1.8.0_201.jdk/Contents/Home/jre/lib/deploy.jar:/Library/Java/JavaVirtualMachines/jdk1.8.0_201.jdk/Contents/Home/jre/lib/ext/cldrdata.jar:/Library/Java/JavaVirtualMachines/jdk1.8.0_201.jdk/Contents/Home/jre/lib/ext/dnsns.jar:/Library/Java/JavaVirtualMachines/jdk1.8.0_201.jdk/Contents/Home/jre/lib/ext/jaccess.jar:/Library/Java/JavaVirtualMachines/jdk1.8.0_201.jdk/Contents/Home/jre/lib/ext/jfxrt.jar:/Library/Java/JavaVirtualMachines/jdk1.8.0_201.jdk/Contents/Home/jre/lib/ext/localedata.jar:/Library/Java/JavaVirtualMachines/jdk1.8.0_201.jdk/Contents/Home/jre/lib/ext/nashorn.jar:/Library/Java/JavaVirtualMachines/jdk1.8.0_201.jdk/Contents/Home/jre/lib/ext/sunec.jar:/Library/Java/JavaVirtualMachines/jdk1.8.0_201.jdk/Contents/Home/jre/lib/ext/sunjce_provider.jar:/Library/Java/JavaVirtualMachines/jdk1.8.0_201.jdk/Contents/Home/jre/lib/ext/sunpkcs11.jar:/Library/Java/JavaVirtualMachines/jdk1.8.0_201.jdk/Contents/Home/jre/lib/ext/zipfs.jar:/Library/Java/JavaVirtualMachines/jdk1.8.0_201.jdk/Contents/Home/jre/lib/javaws.jar:/Library/Java/JavaVirtualMachines/jdk1.8.0_201.jdk/Contents/Home/jre/lib/jce.jar:/Library/Java/JavaVirtualMachines/jdk1.8.0_201.jdk/Contents/Home/jre/lib/jfr.jar:/Library/Java/JavaVirtualMachines/jdk1.8.0_201.jdk/Contents/Home/jre/lib/jfxswt.jar:/Library/Java/JavaVirtualMachines/jdk1.8.0_201.jdk/Contents/Home/jre/lib/jsse.jar:/Library/Java/JavaVirtualMachines/jdk1.8.0_201.jdk/Contents/Home/jre/lib/management-agent.jar:/Library/Java/JavaVirtualMachines/jdk1.8.0_201.jdk/Contents/Home/jre/lib/plugin.jar:/Library/Java/JavaVirtualMachines/jdk1.8.0_201.jdk/Contents/Home/jre/lib/resources.jar:/Library/Java/JavaVirtualMachines/jdk1.8.0_201.jdk/Contents/Home/jre/lib/rt.jar:/Library/Java/JavaVirtualMachines/jdk1.8.0_201.jdk/Contents/Home/lib/ant-javafx.jar:/Library/Java/JavaVirtualMachines/jdk1.8.0_201.jdk/Contents/Home
Launcher Type: SUN_STANDARD

Environment Variables:
PATH=/usr/local/bin:/usr/bin:/bin:/usr/sbin:/sbin:/usr/local/share/dotnet:~/.dotnet/tools:/Library/Frameworks/Mono.framework/Versions/Current/Commands
SHELL=/bin/bash

Signal Handlers:
SIGSEGV: [libjvm.dylib+0x5b723d], sa_mask[0]=11111111011111110111111111111111, sa_flags=SA_ONSTACK|SA_RESTART|SA_SIGINFO
SIGBUS: [libjvm.dylib+0x5b723d], sa_mask[0]=11111111011111110111111111111111, sa_flags=SA_RESTART|SA_SIGINFO
SIGFPE: [libjvm.dylib+0x48c9bc], sa_mask[0]=11111111011111110111111111111111, sa_flags=SA_RESTART|SA_SIGINFO
SIGPIPE: [libjvm.dylib+0x48c9bc], sa_mask[0]=11111111011111110111111111111111, sa_flags=SA_RESTART|SA_SIGINFO
SIGXFSZ: [libjvm.dylib+0x48c9bc], sa_mask[0]=11111111011111110111111111111111, sa_flags=SA_RESTART|SA_SIGINFO
SIGILL: [libjvm.dylib+0x48c9bc], sa_mask[0]=11111111011111110111111111111111, sa_flags=SA_RESTART|SA_SIGINFO
SIGUSR1: SIG_DFL, sa_mask[0]=00000000000000000000000000000000, sa_flags=none
SIGUSR2: [libjvm.dylib+0x48c4da], sa_mask[0]=00100000000000000000000000000000, sa_flags=SA_RESTART|SA_SIGINFO
SIGHUP: [libjvm.dylib+0x48aa65], sa_mask[0]=11111111011111110111111111111111, sa_flags=SA_RESTART|SA_SIGINFO
SIGINT: [libjvm.dylib+0x48aa65], sa_mask[0]=11111111011111110111111111111111, sa_flags=SA_RESTART|SA_SIGINFO
SIGTERM: [libjvm.dylib+0x48aa65], sa_mask[0]=11111111011111110111111111111111, sa_flags=SA_RESTART|SA_SIGINFO
SIGQUIT: [libjvm.dylib+0x48aa65], sa_mask[0]=11111111011111110111111111111111, sa_flags=SA_RESTART|SA_SIGINFO


---------------  S Y S T E M  ---------------

OS:Bsduname:Darwin 17.7.0 Darwin Kernel Version 17.7.0: Thu Dec 20 21:47:19 PST 2018; root:xnu-4570.71.22~1/RELEASE_X86_64 x86_64
rlimit: STACK 8192k, CORE 0k, NPROC 709, NOFILE 10240, AS infinity
load average:1.97 2.28 2.29

CPU:total 4 (initial active 4) (2 cores per cpu, 2 threads per core) family 6 model 142 stepping 9, cmov, cx8, fxsr, mmx, sse, sse2, sse3, ssse3, sse4.1, sse4.2, popcnt, avx, avx2, aes, clmul, erms, rtm, 3dnowpref, lzcnt, ht, tsc, tscinvbit, bmi1, bmi2, adx

Memory: 4k page, physical 8388608k(103044k free)

/proc/meminfo:


vm_info: Java HotSpot(TM) 64-Bit Server VM (25.201-b09) for bsd-amd64 JRE (1.8.0_201-b09), built on Dec 15 2018 18:35:23 by "java_re" with gcc 4.2.1 (Based on Apple Inc. build 5658) (LLVM build 2336.11.00)

time: Thu Apr 25 15:09:44 2019
timezone: CEST
elapsed time: 113 seconds (0d 0h 1m 53s)

